2019-04-24 23:55:53,328 INFO 25604 [egg-logrotator] app logger reload: got log-reload message
2019-04-24 23:59:41,602 WARN 25604 [TCPBase] socket is closed by other side while there were still unhandled data in the socket buffer
2019-04-24 23:59:41,602 WARN 25604 [ClusterClient:Watcher] follower closed, and try to init it again
2019-04-25 00:03:30,871 WARN 25604 [TCPBase] socket is closed by other side while there were still unhandled data in the socket buffer
2019-04-25 00:03:30,872 WARN 25604 [ClusterClient:Watcher] follower closed, and try to init it again
2019-04-25 00:07:19,547 WARN 25604 [TCPBase] socket is closed by other side while there were still unhandled data in the socket buffer
2019-04-25 00:07:19,548 WARN 25604 [ClusterClient:Watcher] follower closed, and try to init it again
2019-04-25 00:11:07,144 WARN 25604 [ClusterClient:Watcher] follower closed, and try to init it again
2019-04-25 00:14:56,149 WARN 25604 [TCPBase] socket is closed by other side while there were still unhandled data in the socket buffer
2019-04-25 00:14:56,149 WARN 25604 [ClusterClient:Watcher] follower closed, and try to init it again
2019-04-25 00:18:44,163 WARN 25604 [ClusterClient:Watcher] follower closed, and try to init it again
2019-04-25 00:22:33,150 WARN 25604 [TCPBase] socket is closed by other side while there were still unhandled data in the socket buffer
2019-04-25 00:22:33,150 WARN 25604 [ClusterClient:Watcher] follower closed, and try to init it again
2019-04-25 00:27:21,158 WARN 25604 [ClusterClient:Watcher] follower closed, and try to init it again
2019-04-25 00:31:09,143 WARN 25604 [ClusterClient:Watcher] follower closed, and try to init it again
2019-04-25 00:34:56,574 WARN 25604 [ClusterClient:Watcher] follower closed, and try to init it again
2019-04-25 00:38:47,021 WARN 25604 [ClusterClient:Watcher] follower closed, and try to init it again
2019-04-25 00:42:32,840 WARN 25604 [ClusterClient:Watcher] follower closed, and try to init it again
2019-04-25 00:46:21,557 WARN 25604 [TCPBase] socket is closed by other side while there were still unhandled data in the socket buffer
2019-04-25 00:46:21,557 WARN 25604 [ClusterClient:Watcher] follower closed, and try to init it again
2019-04-25 00:50:08,101 WARN 25604 [ClusterClient:Watcher] follower closed, and try to init it again
2019-04-25 00:53:57,150 WARN 25604 [TCPBase] socket is closed by other side while there were still unhandled data in the socket buffer
2019-04-25 00:53:57,150 WARN 25604 [ClusterClient:Watcher] follower closed, and try to init it again
2019-04-25 00:57:45,197 WARN 25604 [ClusterClient:Watcher] follower closed, and try to init it again
2019-04-25 01:01:33,137 WARN 25604 [ClusterClient:Watcher] follower closed, and try to init it again
2019-04-25 01:05:21,206 WARN 25604 [ClusterClient:Watcher] follower closed, and try to init it again
2019-04-25 01:09:09,163 WARN 25604 [TCPBase] socket is closed by other side while there were still unhandled data in the socket buffer
2019-04-25 01:09:09,163 WARN 25604 [ClusterClient:Watcher] follower closed, and try to init it again
2019-04-25 01:14:25,895 WARN 25604 [TCPBase] socket is closed by other side while there were still unhandled data in the socket buffer
2019-04-25 01:14:25,895 WARN 25604 [ClusterClient:Watcher] follower closed, and try to init it again
2019-04-25 01:18:12,558 WARN 25604 [TCPBase] socket is closed by other side while there were still unhandled data in the socket buffer
2019-04-25 01:18:12,558 WARN 25604 [ClusterClient:Watcher] follower closed, and try to init it again
2019-04-25 01:22:01,613 WARN 25604 [TCPBase] socket is closed by other side while there were still unhandled data in the socket buffer
2019-04-25 01:22:01,613 WARN 25604 [ClusterClient:Watcher] follower closed, and try to init it again
2019-04-25 01:25:50,149 WARN 25604 [TCPBase] socket is closed by other side while there were still unhandled data in the socket buffer
2019-04-25 01:25:50,149 WARN 25604 [ClusterClient:Watcher] follower closed, and try to init it again
2019-04-25 01:29:37,563 WARN 25604 [TCPBase] socket is closed by other side while there were still unhandled data in the socket buffer
2019-04-25 01:29:37,563 WARN 25604 [ClusterClient:Watcher] follower closed, and try to init it again
2019-04-25 01:33:25,885 WARN 25604 [TCPBase] socket is closed by other side while there were still unhandled data in the socket buffer
2019-04-25 01:33:25,886 WARN 25604 [ClusterClient:Watcher] follower closed, and try to init it again
2019-04-25 01:37:13,903 WARN 25604 [ClusterClient:Watcher] follower closed, and try to init it again
2019-04-25 01:41:01,999 WARN 25604 [TCPBase] socket is closed by other side while there were still unhandled data in the socket buffer
2019-04-25 01:41:01,999 WARN 25604 [ClusterClient:Watcher] follower closed, and try to init it again
2019-04-25 01:44:50,058 WARN 25604 [ClusterClient:Watcher] follower closed, and try to init it again
2019-04-25 01:48:39,159 WARN 25604 [ClusterClient:Watcher] follower closed, and try to init it again
2019-04-25 01:52:28,166 WARN 25604 [ClusterClient:Watcher] follower closed, and try to init it again
2019-04-25 01:56:16,576 WARN 25604 [ClusterClient:Watcher] follower closed, and try to init it again
2019-04-25 02:00:04,679 WARN 25604 [ClusterClient:Watcher] follower closed, and try to init it again
2019-04-25 02:03:53,807 WARN 25604 [ClusterClient:Watcher] follower closed, and try to init it again
2019-04-25 02:07:44,163 WARN 25604 [TCPBase] socket is closed by other side while there were still unhandled data in the socket buffer
2019-04-25 02:07:44,167 WARN 25604 [ClusterClient:Watcher] follower closed, and try to init it again
2019-04-25 02:11:31,882 WARN 25604 [TCPBase] socket is closed by other side while there were still unhandled data in the socket buffer
2019-04-25 02:11:31,882 WARN 25604 [ClusterClient:Watcher] follower closed, and try to init it again
2019-04-25 02:15:20,033 WARN 25604 [ClusterClient:Watcher] follower closed, and try to init it again
2019-04-25 02:19:09,113 WARN 25604 [TCPBase] socket is closed by other side while there were still unhandled data in the socket buffer
2019-04-25 02:19:09,113 WARN 25604 [ClusterClient:Watcher] follower closed, and try to init it again
2019-04-25 02:22:58,167 WARN 25604 [TCPBase] socket is closed by other side while there were still unhandled data in the socket buffer
2019-04-25 02:22:58,168 WARN 25604 [ClusterClient:Watcher] follower closed, and try to init it again
2019-04-25 02:26:46,629 WARN 25604 [ClusterClient:Watcher] follower closed, and try to init it again
2019-04-25 02:30:35,185 WARN 25604 [ClusterClient:Watcher] follower closed, and try to init it again
2019-04-25 02:34:22,567 WARN 25604 [ClusterClient:Watcher] follower closed, and try to init it again
2019-04-25 02:38:10,698 WARN 25604 [TCPBase] socket is closed by other side while there were still unhandled data in the socket buffer
2019-04-25 02:38:10,698 WARN 25604 [ClusterClient:Watcher] follower closed, and try to init it again
2019-04-25 02:43:29,575 WARN 25604 [ClusterClient:Watcher] follower closed, and try to init it again
2019-04-25 02:47:17,789 WARN 25604 [ClusterClient:Watcher] follower closed, and try to init it again
2019-04-25 02:51:08,161 WARN 25604 [ClusterClient:Watcher] follower closed, and try to init it again
2019-04-25 02:54:55,799 WARN 25604 [ClusterClient:Watcher] follower closed, and try to init it again
2019-04-25 02:58:44,551 WARN 25604 [TCPBase] socket is closed by other side while there were still unhandled data in the socket buffer
2019-04-25 02:58:44,551 WARN 25604 [ClusterClient:Watcher] follower closed, and try to init it again
2019-04-25 03:02:32,142 WARN 25604 [ClusterClient:Watcher] follower closed, and try to init it again
2019-04-25 03:06:21,158 WARN 25604 [TCPBase] socket is closed by other side while there were still unhandled data in the socket buffer
2019-04-25 03:06:21,159 WARN 25604 [ClusterClient:Watcher] follower closed, and try to init it again
2019-04-25 03:10:10,148 WARN 25604 [TCPBase] socket is closed by other side while there were still unhandled data in the socket buffer
2019-04-25 03:10:10,149 WARN 25604 [ClusterClient:Watcher] follower closed, and try to init it again
2019-04-25 03:13:59,615 WARN 25604 [ClusterClient:Watcher] follower closed, and try to init it again
2019-04-25 03:17:48,155 WARN 25604 [ClusterClient:Watcher] follower closed, and try to init it again
2019-04-25 03:21:37,150 WARN 25604 [ClusterClient:Watcher] follower closed, and try to init it again
2019-04-25 03:25:25,174 WARN 25604 [TCPBase] socket is closed by other side while there were still unhandled data in the socket buffer
2019-04-25 03:25:25,174 WARN 25604 [ClusterClient:Watcher] follower closed, and try to init it again
2019-04-25 03:29:14,014 WARN 25604 [TCPBase] socket is closed by other side while there were still unhandled data in the socket buffer
2019-04-25 03:29:14,014 WARN 25604 [ClusterClient:Watcher] follower closed, and try to init it again
2019-04-25 03:33:01,918 WARN 25604 [TCPBase] socket is closed by other side while there were still unhandled data in the socket buffer
2019-04-25 03:33:01,918 WARN 25604 [ClusterClient:Watcher] follower closed, and try to init it again
2019-04-25 03:36:48,748 WARN 25604 [ClusterClient:Watcher] follower closed, and try to init it again
2019-04-25 03:40:37,808 WARN 25604 [ClusterClient:Watcher] follower closed, and try to init it again
2019-04-25 03:44:26,693 WARN 25604 [ClusterClient:Watcher] follower closed, and try to init it again
2019-04-25 03:48:18,814 WARN 25604 [ClusterClient:Watcher] follower closed, and try to init it again
2019-04-25 03:52:04,060 WARN 25604 [TCPBase] socket is closed by other side while there were still unhandled data in the socket buffer
2019-04-25 03:52:04,061 WARN 25604 [ClusterClient:Watcher] follower closed, and try to init it again
2019-04-25 03:55:53,020 WARN 25604 [ClusterClient:Watcher] follower closed, and try to init it again
2019-04-25 03:59:41,146 WARN 25604 [TCPBase] socket is closed by other side while there were still unhandled data in the socket buffer
2019-04-25 03:59:41,146 WARN 25604 [ClusterClient:Watcher] follower closed, and try to init it again
2019-04-25 04:03:30,192 WARN 25604 [ClusterClient:Watcher] follower closed, and try to init it again
2019-04-25 04:07:19,663 WARN 25604 [ClusterClient:Watcher] follower closed, and try to init it again
2019-04-25 04:11:07,630 WARN 25604 [ClusterClient:Watcher] follower closed, and try to init it again
2019-04-25 04:15:55,591 WARN 25604 [TCPBase] socket is closed by other side while there were still unhandled data in the socket buffer
2019-04-25 04:15:55,592 WARN 25604 [ClusterClient:Watcher] follower closed, and try to init it again
2019-04-25 04:19:44,755 WARN 25604 [ClusterClient:Watcher] follower closed, and try to init it again
2019-04-25 04:23:32,923 WARN 25604 [ClusterClient:Watcher] follower closed, and try to init it again
2019-04-25 04:27:20,898 WARN 25604 [ClusterClient:Watcher] follower closed, and try to init it again
2019-04-25 04:31:09,643 WARN 25604 [TCPBase] socket is closed by other side while there were still unhandled data in the socket buffer
2019-04-25 04:31:09,643 WARN 25604 [ClusterClient:Watcher] follower closed, and try to init it again
2019-04-25 04:34:58,144 WARN 25604 [ClusterClient:Watcher] follower closed, and try to init it again
2019-04-25 04:38:47,910 WARN 25604 [TCPBase] socket is closed by other side while there were still unhandled data in the socket buffer
2019-04-25 04:38:47,910 WARN 25604 [ClusterClient:Watcher] follower closed, and try to init it again
2019-04-25 04:42:34,558 WARN 25604 [ClusterClient:Watcher] follower closed, and try to init it again
2019-04-25 04:46:22,581 WARN 25604 [ClusterClient:Watcher] follower closed, and try to init it again
2019-04-25 04:50:11,166 WARN 25604 [ClusterClient:Watcher] follower closed, and try to init it again
2019-04-25 04:53:57,570 WARN 25604 [ClusterClient:Watcher] follower closed, and try to init it again
2019-04-25 04:57:46,120 WARN 25604 [ClusterClient:Watcher] follower closed, and try to init it again
2019-04-25 05:01:35,138 WARN 25604 [TCPBase] socket is closed by other side while there were still unhandled data in the socket buffer
2019-04-25 05:01:35,138 WARN 25604 [ClusterClient:Watcher] follower closed, and try to init it again
2019-04-25 05:05:24,912 WARN 25604 [ClusterClient:Watcher] follower closed, and try to init it again
2019-04-25 05:09:11,560 WARN 25604 [ClusterClient:Watcher] follower closed, and try to init it again
2019-04-25 05:13:00,739 WARN 25604 [ClusterClient:Watcher] follower closed, and try to init it again
2019-04-25 05:16:49,752 WARN 25604 [ClusterClient:Watcher] follower closed, and try to init it again
2019-04-25 05:20:37,076 WARN 25604 [ClusterClient:Watcher] follower closed, and try to init it again
2019-04-25 05:24:26,005 WARN 25604 [ClusterClient:Watcher] follower closed, and try to init it again
2019-04-25 05:28:14,160 WARN 25604 [TCPBase] socket is closed by other side while there were still unhandled data in the socket buffer
2019-04-25 05:28:14,161 WARN 25604 [ClusterClient:Watcher] follower closed, and try to init it again
2019-04-25 05:32:01,980 WARN 25604 [TCPBase] socket is closed by other side while there were still unhandled data in the socket buffer
2019-04-25 05:32:01,980 WARN 25604 [ClusterClient:Watcher] follower closed, and try to init it again
2019-04-25 05:35:49,695 WARN 25604 [ClusterClient:Watcher] follower closed, and try to init it again
2019-04-25 05:39:38,914 WARN 25604 [ClusterClient:Watcher] follower closed, and try to init it again
2019-04-25 05:43:25,593 WARN 25604 [ClusterClient:Watcher] follower closed, and try to init it again
2019-04-25 05:47:16,012 WARN 25604 [TCPBase] socket is closed by other side while there were still unhandled data in the socket buffer
2019-04-25 05:47:16,012 WARN 25604 [ClusterClient:Watcher] follower closed, and try to init it again
2019-04-25 05:51:03,716 WARN 25604 [TCPBase] socket is closed by other side while there were still unhandled data in the socket buffer
2019-04-25 05:51:03,716 WARN 25604 [ClusterClient:Watcher] follower closed, and try to init it again
2019-04-25 05:54:51,891 WARN 25604 [ClusterClient:Watcher] follower closed, and try to init it again
2019-04-25 05:58:40,043 WARN 25604 [ClusterClient:Watcher] follower closed, and try to init it again
2019-04-25 06:02:29,164 WARN 25604 [TCPBase] socket is closed by other side while there were still unhandled data in the socket buffer
2019-04-25 06:02:29,164 WARN 25604 [ClusterClient:Watcher] follower closed, and try to init it again
2019-04-25 06:06:17,047 WARN 25604 [TCPBase] socket is closed by other side while there were still unhandled data in the socket buffer
2019-04-25 06:06:17,048 WARN 25604 [ClusterClient:Watcher] follower closed, and try to init it again
2019-04-25 06:10:05,166 WARN 25604 [ClusterClient:Watcher] follower closed, and try to init it again
2019-04-25 06:13:54,118 WARN 25604 [TCPBase] socket is closed by other side while there were still unhandled data in the socket buffer
2019-04-25 06:13:54,119 WARN 25604 [ClusterClient:Watcher] follower closed, and try to init it again
2019-04-25 06:17:43,169 WARN 25604 [TCPBase] socket is closed by other side while there were still unhandled data in the socket buffer
2019-04-25 06:17:43,171 WARN 25604 [ClusterClient:Watcher] follower closed, and try to init it again
2019-04-25 06:21:32,196 WARN 25604 [TCPBase] socket is closed by other side while there were still unhandled data in the socket buffer
2019-04-25 06:21:32,196 WARN 25604 [ClusterClient:Watcher] follower closed, and try to init it again
2019-04-25 06:25:20,563 WARN 25604 [ClusterClient:Watcher] follower closed, and try to init it again
2019-04-25 06:29:16,590 WARN 25604 [ClusterClient:Watcher] follower closed, and try to init it again
2019-04-25 06:33:05,560 WARN 25604 [TCPBase] socket is closed by other side while there were still unhandled data in the socket buffer
2019-04-25 06:33:05,560 WARN 25604 [ClusterClient:Watcher] follower closed, and try to init it again
2019-04-25 06:36:53,066 WARN 25604 [TCPBase] socket is closed by other side while there were still unhandled data in the socket buffer
2019-04-25 06:36:53,066 WARN 25604 [ClusterClient:Watcher] follower closed, and try to init it again
2019-04-25 06:40:41,177 WARN 25604 [TCPBase] socket is closed by other side while there were still unhandled data in the socket buffer
2019-04-25 06:40:41,177 WARN 25604 [ClusterClient:Watcher] follower closed, and try to init it again
2019-04-25 06:45:59,140 WARN 25604 [TCPBase] socket is closed by other side while there were still unhandled data in the socket buffer
2019-04-25 06:45:59,140 WARN 25604 [ClusterClient:Watcher] follower closed, and try to init it again
2019-04-25 06:49:46,150 WARN 25604 [TCPBase] socket is closed by other side while there were still unhandled data in the socket buffer
2019-04-25 06:49:46,151 WARN 25604 [ClusterClient:Watcher] follower closed, and try to init it again
2019-04-25 06:53:34,173 WARN 25604 [ClusterClient:Watcher] follower closed, and try to init it again
2019-04-25 06:57:27,178 WARN 25604 [ClusterClient:Watcher] follower closed, and try to init it again
2019-04-25 07:01:11,925 WARN 25604 [ClusterClient:Watcher] follower closed, and try to init it again
2019-04-25 07:04:59,165 WARN 25604 [TCPBase] socket is closed by other side while there were still unhandled data in the socket buffer
2019-04-25 07:04:59,166 WARN 25604 [ClusterClient:Watcher] follower closed, and try to init it again
2019-04-25 07:08:46,580 WARN 25604 [ClusterClient:Watcher] follower closed, and try to init it again
2019-04-25 07:12:35,583 WARN 25604 [ClusterClient:Watcher] follower closed, and try to init it again
2019-04-25 07:17:23,569 WARN 25604 [ClusterClient:Watcher] follower closed, and try to init it again
2019-04-25 07:21:12,154 WARN 25604 [TCPBase] socket is closed by other side while there were still unhandled data in the socket buffer
2019-04-25 07:21:12,154 WARN 25604 [ClusterClient:Watcher] follower closed, and try to init it again
2019-04-25 07:24:59,863 WARN 25604 [ClusterClient:Watcher] follower closed, and try to init it again
2019-04-25 07:28:47,734 WARN 25604 [ClusterClient:Watcher] follower closed, and try to init it again
2019-04-25 07:32:35,021 WARN 25604 [ClusterClient:Watcher] follower closed, and try to init it again
2019-04-25 07:36:23,055 WARN 25604 [TCPBase] socket is closed by other side while there were still unhandled data in the socket buffer
2019-04-25 07:36:23,055 WARN 25604 [ClusterClient:Watcher] follower closed, and try to init it again
2019-04-25 07:40:11,065 WARN 25604 [TCPBase] socket is closed by other side while there were still unhandled data in the socket buffer
2019-04-25 07:40:11,065 WARN 25604 [ClusterClient:Watcher] follower closed, and try to init it again
2019-04-25 07:43:59,919 WARN 25604 [ClusterClient:Watcher] follower closed, and try to init it again
2019-04-25 07:47:47,549 WARN 25604 [ClusterClient:Watcher] follower closed, and try to init it again
2019-04-25 07:51:34,590 WARN 25604 [ClusterClient:Watcher] follower closed, and try to init it again
2019-04-25 07:55:23,009 WARN 25604 [ClusterClient:Watcher] follower closed, and try to init it again
2019-04-25 07:59:12,140 WARN 25604 [TCPBase] socket is closed by other side while there were still unhandled data in the socket buffer
2019-04-25 07:59:12,140 WARN 25604 [ClusterClient:Watcher] follower closed, and try to init it again
2019-04-25 08:03:00,607 WARN 25604 [ClusterClient:Watcher] follower closed, and try to init it again
2019-04-25 08:06:48,549 WARN 25604 [ClusterClient:Watcher] follower closed, and try to init it again
2019-04-25 08:10:36,610 WARN 25604 [TCPBase] socket is closed by other side while there were still unhandled data in the socket buffer
2019-04-25 08:10:36,610 WARN 25604 [ClusterClient:Watcher] follower closed, and try to init it again
2019-04-25 08:14:24,653 WARN 25604 [ClusterClient:Watcher] follower closed, and try to init it again
2019-04-25 08:18:12,734 WARN 25604 [ClusterClient:Watcher] follower closed, and try to init it again
2019-04-25 08:22:03,160 WARN 25604 [TCPBase] socket is closed by other side while there were still unhandled data in the socket buffer
2019-04-25 08:22:03,160 WARN 25604 [ClusterClient:Watcher] follower closed, and try to init it again
2019-04-25 08:25:52,129 WARN 25604 [TCPBase] socket is closed by other side while there were still unhandled data in the socket buffer
2019-04-25 08:25:52,129 WARN 25604 [ClusterClient:Watcher] follower closed, and try to init it again
2019-04-25 08:29:39,637 WARN 25604 [TCPBase] socket is closed by other side while there were still unhandled data in the socket buffer
2019-04-25 08:29:39,637 WARN 25604 [ClusterClient:Watcher] follower closed, and try to init it again
2019-04-25 08:33:27,824 WARN 25604 [TCPBase] socket is closed by other side while there were still unhandled data in the socket buffer
2019-04-25 08:33:27,824 WARN 25604 [ClusterClient:Watcher] follower closed, and try to init it again
2019-04-25 08:37:15,914 WARN 25604 [ClusterClient:Watcher] follower closed, and try to init it again
2019-04-25 08:41:05,144 WARN 25604 [TCPBase] socket is closed by other side while there were still unhandled data in the socket buffer
2019-04-25 08:41:05,144 WARN 25604 [ClusterClient:Watcher] follower closed, and try to init it again
2019-04-25 08:44:52,660 WARN 25604 [ClusterClient:Watcher] follower closed, and try to init it again
2019-04-25 08:48:40,921 WARN 25604 [ClusterClient:Watcher] follower closed, and try to init it again
2019-04-25 08:52:30,088 WARN 25604 [ClusterClient:Watcher] follower closed, and try to init it again
2019-04-25 08:56:18,095 WARN 25604 [ClusterClient:Watcher] follower closed, and try to init it again
2019-04-25 09:00:06,165 WARN 25604 [ClusterClient:Watcher] follower closed, and try to init it again
2019-04-25 09:03:54,150 WARN 25604 [TCPBase] socket is closed by other side while there were still unhandled data in the socket buffer
2019-04-25 09:03:54,150 WARN 25604 [ClusterClient:Watcher] follower closed, and try to init it again
2019-04-25 09:07:42,156 WARN 25604 [ClusterClient:Watcher] follower closed, and try to init it again
2019-04-25 09:11:31,143 WARN 25604 [TCPBase] socket is closed by other side while there were still unhandled data in the socket buffer
2019-04-25 09:11:31,143 WARN 25604 [ClusterClient:Watcher] follower closed, and try to init it again
2019-04-25 09:15:19,176 WARN 25604 [ClusterClient:Watcher] follower closed, and try to init it again
2019-04-25 09:19:07,573 WARN 25604 [ClusterClient:Watcher] follower closed, and try to init it again
2019-04-25 09:22:54,599 WARN 25604 [ClusterClient:Watcher] follower closed, and try to init it again
2019-04-25 09:26:43,597 WARN 25604 [ClusterClient:Watcher] follower closed, and try to init it again
2019-04-25 09:30:33,990 WARN 25604 [TCPBase] socket is closed by other side while there were still unhandled data in the socket buffer
2019-04-25 09:30:33,990 WARN 25604 [ClusterClient:Watcher] follower closed, and try to init it again
2019-04-25 09:34:20,773 WARN 25604 [TCPBase] socket is closed by other side while there were still unhandled data in the socket buffer
2019-04-25 09:34:20,773 WARN 25604 [ClusterClient:Watcher] follower closed, and try to init it again
2019-04-25 09:38:09,061 WARN 25604 [TCPBase] socket is closed by other side while there were still unhandled data in the socket buffer
2019-04-25 09:38:09,061 WARN 25604 [ClusterClient:Watcher] follower closed, and try to init it again
2019-04-25 12:37:47,377 WARN 25604 [ClusterClient:Watcher] follower closed, and try to init it again
2019-04-25 12:41:25,907 WARN 25604 [ClusterClient:Watcher] follower closed, and try to init it again
2019-04-25 12:45:16,111 WARN 25604 [TCPBase] socket is closed by other side while there were still unhandled data in the socket buffer
2019-04-25 12:45:16,112 WARN 25604 [ClusterClient:Watcher] follower closed, and try to init it again
2019-04-25 12:49:05,922 WARN 25604 [ClusterClient:Watcher] follower closed, and try to init it again
2019-04-25 12:52:55,198 WARN 25604 [ClusterClient:Watcher] follower closed, and try to init it again
2019-04-25 12:56:46,185 WARN 25604 [ClusterClient:Watcher] follower closed, and try to init it again
2019-04-25 13:00:35,139 WARN 25604 [TCPBase] socket is closed by other side while there were still unhandled data in the socket buffer
2019-04-25 13:00:35,142 WARN 25604 [ClusterClient:Watcher] follower closed, and try to init it again
2019-04-25 13:04:22,727 WARN 25604 [ClusterClient:Watcher] follower closed, and try to init it again
2019-04-25 13:08:11,920 WARN 25604 [ClusterClient:Watcher] follower closed, and try to init it again
2019-04-25 13:12:01,111 WARN 25604 [TCPBase] socket is closed by other side while there were still unhandled data in the socket buffer
2019-04-25 13:12:01,111 WARN 25604 [ClusterClient:Watcher] follower closed, and try to init it again
2019-04-25 13:15:50,168 WARN 25604 [ClusterClient:Watcher] follower closed, and try to init it again
2019-04-25 13:19:38,183 WARN 25604 [TCPBase] socket is closed by other side while there were still unhandled data in the socket buffer
2019-04-25 13:19:38,183 WARN 25604 [ClusterClient:Watcher] follower closed, and try to init it again
2019-04-25 13:23:26,606 WARN 25604 [ClusterClient:Watcher] follower closed, and try to init it again
2019-04-25 13:27:15,582 WARN 25604 [TCPBase] socket is closed by other side while there were still unhandled data in the socket buffer
2019-04-25 13:27:15,582 WARN 25604 [ClusterClient:Watcher] follower closed, and try to init it again
2019-04-25 13:31:03,821 WARN 25604 [ClusterClient:Watcher] follower closed, and try to init it again
2019-04-25 13:34:52,018 WARN 25604 [TCPBase] socket is closed by other side while there were still unhandled data in the socket buffer
2019-04-25 13:34:52,018 WARN 25604 [ClusterClient:Watcher] follower closed, and try to init it again
2019-04-25 16:33:15,599 INFO 5996 [egg:logger] init all loggers with options: {"dir":"G:\\self-practice\\hen-demo\\logs\\egg-demo","encoding":"utf8","env":"local","level":"INFO","consoleLevel":"INFO","disableConsoleAfterReady":false,"outputJSON":false,"buffer":true,"appLogName":"egg-demo-web.log","coreLogName":"egg-web.log","agentLogName":"egg-agent.log","errorLogName":"common-error.log","coreLogger":{"consoleLevel":"WARN"},"allowDebugAtProd":false,"type":"application"}
2019-04-25 16:33:15,687 INFO 5996 [egg-multipart] stream mode enable
2019-04-25 16:33:16,216 INFO 5996 [egg-static] starting static serve /public/ -> G:\self-practice\hen-demo\app\public
2019-04-25 16:33:16,231 INFO 5996 [egg-security] use csrf middleware
2019-04-25 16:33:16,234 INFO 5996 [egg-security] use methodnoallow middleware
2019-04-25 16:33:16,235 INFO 5996 [egg-security] use noopen middleware
2019-04-25 16:33:16,237 INFO 5996 [egg-security] use nosniff middleware
2019-04-25 16:33:16,238 INFO 5996 [egg-security] use xssProtection middleware
2019-04-25 16:33:16,239 INFO 5996 [egg-security] use xframe middleware
2019-04-25 16:33:16,241 INFO 5996 [egg-security] use dta middleware
2019-04-25 16:33:16,241 INFO 5996 [egg-security] compose 7 middlewares into one security middleware
2019-04-25 16:33:16,269 INFO 5996 [egg:core] dump config after load, 21ms
2019-04-25 16:33:16,301 INFO 5996 [egg-watcher:application] watcher start success
2019-04-25 16:33:16,310 INFO 5996 [egg:core] dump config after ready, 6ms
2019-04-25 17:01:43,753 INFO 29996 [egg:logger] init all loggers with options: {"dir":"G:\\self-practice\\hen-demo\\logs\\egg-demo","encoding":"utf8","env":"local","level":"INFO","consoleLevel":"INFO","disableConsoleAfterReady":false,"outputJSON":false,"buffer":true,"appLogName":"egg-demo-web.log","coreLogName":"egg-web.log","agentLogName":"egg-agent.log","errorLogName":"common-error.log","coreLogger":{"consoleLevel":"WARN"},"allowDebugAtProd":false,"type":"application"}
2019-04-25 17:01:43,805 INFO 29996 [egg-multipart] stream mode enable
2019-04-25 17:01:43,938 INFO 29996 [egg-static] starting static serve /public/ -> G:\self-practice\hen-demo\app\public
2019-04-25 17:01:43,942 INFO 29996 [egg-security] use csrf middleware
2019-04-25 17:01:43,945 INFO 29996 [egg-security] use methodnoallow middleware
2019-04-25 17:01:43,947 INFO 29996 [egg-security] use noopen middleware
2019-04-25 17:01:43,949 INFO 29996 [egg-security] use nosniff middleware
2019-04-25 17:01:43,949 INFO 29996 [egg-security] use xssProtection middleware
2019-04-25 17:01:43,950 INFO 29996 [egg-security] use xframe middleware
2019-04-25 17:01:43,951 INFO 29996 [egg-security] use dta middleware
2019-04-25 17:01:43,951 INFO 29996 [egg-security] compose 7 middlewares into one security middleware
2019-04-25 17:01:43,968 INFO 29996 [egg:core] dump config after load, 7ms
2019-04-25 17:01:43,981 INFO 29996 [egg-watcher:application] watcher start success
2019-04-25 17:01:43,990 INFO 29996 [egg:core] dump config after ready, 7ms
2019-04-25 17:05:09,894 INFO 29996 [egg-view-nunjucks] loading templates from ["G:\\self-practice\\hen-demo\\app\\view"]
2019-04-25 17:07:02,557 INFO 36204 [egg:logger] init all loggers with options: {"dir":"G:\\self-practice\\hen-demo\\logs\\egg-demo","encoding":"utf8","env":"local","level":"INFO","consoleLevel":"INFO","disableConsoleAfterReady":false,"outputJSON":false,"buffer":true,"appLogName":"egg-demo-web.log","coreLogName":"egg-web.log","agentLogName":"egg-agent.log","errorLogName":"common-error.log","coreLogger":{"consoleLevel":"WARN"},"allowDebugAtProd":false,"type":"application"}
2019-04-25 17:07:02,611 INFO 36204 [egg-multipart] stream mode enable
2019-04-25 17:07:02,752 INFO 36204 [egg-static] starting static serve /public/ -> G:\self-practice\hen-demo\app\public
2019-04-25 17:07:02,757 INFO 36204 [egg-security] use csrf middleware
2019-04-25 17:07:02,759 INFO 36204 [egg-security] use methodnoallow middleware
2019-04-25 17:07:02,760 INFO 36204 [egg-security] use noopen middleware
2019-04-25 17:07:02,762 INFO 36204 [egg-security] use nosniff middleware
2019-04-25 17:07:02,764 INFO 36204 [egg-security] use xssProtection middleware
2019-04-25 17:07:02,765 INFO 36204 [egg-security] use xframe middleware
2019-04-25 17:07:02,766 INFO 36204 [egg-security] use dta middleware
2019-04-25 17:07:02,766 INFO 36204 [egg-security] compose 7 middlewares into one security middleware
2019-04-25 17:07:02,785 INFO 36204 [egg:core] dump config after load, 8ms
2019-04-25 17:07:02,801 INFO 36204 [egg-watcher:application] watcher start success
2019-04-25 17:07:02,808 INFO 36204 [egg:core] dump config after ready, 5ms
2019-04-25 17:07:34,781 INFO 29628 [egg:logger] init all loggers with options: {"dir":"G:\\self-practice\\hen-demo\\logs\\egg-demo","encoding":"utf8","env":"local","level":"INFO","consoleLevel":"INFO","disableConsoleAfterReady":false,"outputJSON":false,"buffer":true,"appLogName":"egg-demo-web.log","coreLogName":"egg-web.log","agentLogName":"egg-agent.log","errorLogName":"common-error.log","coreLogger":{"consoleLevel":"WARN"},"allowDebugAtProd":false,"type":"application"}
2019-04-25 17:07:34,832 INFO 29628 [egg-multipart] stream mode enable
2019-04-25 17:07:35,001 INFO 29628 [egg-static] starting static serve /public/ -> G:\self-practice\hen-demo\app\public
2019-04-25 17:07:35,005 INFO 29628 [egg-security] use csrf middleware
2019-04-25 17:07:35,007 INFO 29628 [egg-security] use methodnoallow middleware
2019-04-25 17:07:35,007 INFO 29628 [egg-security] use noopen middleware
2019-04-25 17:07:35,010 INFO 29628 [egg-security] use nosniff middleware
2019-04-25 17:07:35,011 INFO 29628 [egg-security] use xssProtection middleware
2019-04-25 17:07:35,012 INFO 29628 [egg-security] use xframe middleware
2019-04-25 17:07:35,014 INFO 29628 [egg-security] use dta middleware
2019-04-25 17:07:35,014 INFO 29628 [egg-security] compose 7 middlewares into one security middleware
2019-04-25 17:07:35,032 INFO 29628 [egg:core] dump config after load, 8ms
2019-04-25 17:07:35,046 INFO 29628 [egg-watcher:application] watcher start success
2019-04-25 17:07:35,055 INFO 29628 [egg:core] dump config after ready, 7ms
2019-04-25 17:14:36,532 INFO 21188 [egg:logger] init all loggers with options: {"dir":"G:\\self-practice\\hen-demo\\logs\\egg-demo","encoding":"utf8","env":"local","level":"INFO","consoleLevel":"INFO","disableConsoleAfterReady":false,"outputJSON":false,"buffer":true,"appLogName":"egg-demo-web.log","coreLogName":"egg-web.log","agentLogName":"egg-agent.log","errorLogName":"common-error.log","coreLogger":{"consoleLevel":"WARN"},"allowDebugAtProd":false,"type":"application"}
2019-04-25 17:14:36,581 INFO 21188 [egg-multipart] stream mode enable
2019-04-25 17:14:36,720 INFO 21188 [egg-static] starting static serve /public/ -> G:\self-practice\hen-demo\app\public
2019-04-25 17:14:36,726 INFO 21188 [egg-security] use csrf middleware
2019-04-25 17:14:36,728 INFO 21188 [egg-security] use methodnoallow middleware
2019-04-25 17:14:36,729 INFO 21188 [egg-security] use noopen middleware
2019-04-25 17:14:36,732 INFO 21188 [egg-security] use nosniff middleware
2019-04-25 17:14:36,733 INFO 21188 [egg-security] use xssProtection middleware
2019-04-25 17:14:36,734 INFO 21188 [egg-security] use xframe middleware
2019-04-25 17:14:36,735 INFO 21188 [egg-security] use dta middleware
2019-04-25 17:14:36,735 INFO 21188 [egg-security] compose 7 middlewares into one security middleware
2019-04-25 17:14:36,754 INFO 21188 [egg:core] dump config after load, 8ms
2019-04-25 17:14:36,767 INFO 21188 [egg-watcher:application] watcher start success
2019-04-25 17:14:36,776 INFO 21188 [egg:core] dump config after ready, 7ms
2019-04-25 17:14:42,413 INFO 40332 [egg:logger] init all loggers with options: {"dir":"G:\\self-practice\\hen-demo\\logs\\egg-demo","encoding":"utf8","env":"local","level":"INFO","consoleLevel":"INFO","disableConsoleAfterReady":false,"outputJSON":false,"buffer":true,"appLogName":"egg-demo-web.log","coreLogName":"egg-web.log","agentLogName":"egg-agent.log","errorLogName":"common-error.log","coreLogger":{"consoleLevel":"WARN"},"allowDebugAtProd":false,"type":"application"}
2019-04-25 17:14:42,465 INFO 40332 [egg-multipart] stream mode enable
2019-04-25 17:14:42,605 INFO 40332 [egg-static] starting static serve /public/ -> G:\self-practice\hen-demo\app\public
2019-04-25 17:14:42,611 INFO 40332 [egg-security] use csrf middleware
2019-04-25 17:14:42,614 INFO 40332 [egg-security] use methodnoallow middleware
2019-04-25 17:14:42,614 INFO 40332 [egg-security] use noopen middleware
2019-04-25 17:14:42,616 INFO 40332 [egg-security] use nosniff middleware
2019-04-25 17:14:42,617 INFO 40332 [egg-security] use xssProtection middleware
2019-04-25 17:14:42,618 INFO 40332 [egg-security] use xframe middleware
2019-04-25 17:14:42,619 INFO 40332 [egg-security] use dta middleware
2019-04-25 17:14:42,619 INFO 40332 [egg-security] compose 7 middlewares into one security middleware
2019-04-25 17:14:42,637 INFO 40332 [egg:core] dump config after load, 6ms
2019-04-25 17:14:42,649 INFO 40332 [egg-watcher:application] watcher start success
2019-04-25 17:14:42,658 INFO 40332 [egg:core] dump config after ready, 7ms
2019-04-25 17:15:07,771 INFO 34196 [egg:logger] init all loggers with options: {"dir":"G:\\self-practice\\hen-demo\\logs\\egg-demo","encoding":"utf8","env":"local","level":"INFO","consoleLevel":"INFO","disableConsoleAfterReady":false,"outputJSON":false,"buffer":true,"appLogName":"egg-demo-web.log","coreLogName":"egg-web.log","agentLogName":"egg-agent.log","errorLogName":"common-error.log","coreLogger":{"consoleLevel":"WARN"},"allowDebugAtProd":false,"type":"application"}
2019-04-25 17:15:07,827 INFO 34196 [egg-multipart] stream mode enable
2019-04-25 17:15:07,959 INFO 34196 [egg-static] starting static serve /public/ -> G:\self-practice\hen-demo\app\public
2019-04-25 17:15:07,963 INFO 34196 [egg-security] use csrf middleware
2019-04-25 17:15:07,966 INFO 34196 [egg-security] use methodnoallow middleware
2019-04-25 17:15:07,968 INFO 34196 [egg-security] use noopen middleware
2019-04-25 17:15:07,969 INFO 34196 [egg-security] use nosniff middleware
2019-04-25 17:15:07,970 INFO 34196 [egg-security] use xssProtection middleware
2019-04-25 17:15:07,971 INFO 34196 [egg-security] use xframe middleware
2019-04-25 17:15:07,972 INFO 34196 [egg-security] use dta middleware
2019-04-25 17:15:07,972 INFO 34196 [egg-security] compose 7 middlewares into one security middleware
2019-04-25 17:15:07,991 INFO 34196 [egg:core] dump config after load, 7ms
2019-04-25 17:15:08,004 INFO 34196 [egg-watcher:application] watcher start success
2019-04-25 17:15:08,014 INFO 34196 [egg:core] dump config after ready, 6ms
2019-04-25 17:15:40,055 INFO 14540 [egg:logger] init all loggers with options: {"dir":"G:\\self-practice\\hen-demo\\logs\\egg-demo","encoding":"utf8","env":"local","level":"INFO","consoleLevel":"INFO","disableConsoleAfterReady":false,"outputJSON":false,"buffer":true,"appLogName":"egg-demo-web.log","coreLogName":"egg-web.log","agentLogName":"egg-agent.log","errorLogName":"common-error.log","coreLogger":{"consoleLevel":"WARN"},"allowDebugAtProd":false,"type":"application"}
2019-04-25 17:15:40,110 INFO 14540 [egg-multipart] stream mode enable
2019-04-25 17:15:40,257 INFO 14540 [egg-static] starting static serve /public/ -> G:\self-practice\hen-demo\app\public
2019-04-25 17:15:40,261 INFO 14540 [egg-security] use csrf middleware
2019-04-25 17:15:40,263 INFO 14540 [egg-security] use methodnoallow middleware
2019-04-25 17:15:40,265 INFO 14540 [egg-security] use noopen middleware
2019-04-25 17:15:40,267 INFO 14540 [egg-security] use nosniff middleware
2019-04-25 17:15:40,267 INFO 14540 [egg-security] use xssProtection middleware
2019-04-25 17:15:40,268 INFO 14540 [egg-security] use xframe middleware
2019-04-25 17:15:40,270 INFO 14540 [egg-security] use dta middleware
2019-04-25 17:15:40,270 INFO 14540 [egg-security] compose 7 middlewares into one security middleware
2019-04-25 17:15:40,288 INFO 14540 [egg:core] dump config after load, 7ms
2019-04-25 17:15:40,308 INFO 14540 [egg-watcher:application] watcher start success
2019-04-25 17:15:40,316 INFO 14540 [egg:core] dump config after ready, 5ms
2019-04-25 18:06:53,657 WARN 14540 [ClusterClient:Watcher] follower closed, and try to init it again
2019-04-25 18:10:47,174 WARN 14540 [ClusterClient:Watcher] follower closed, and try to init it again
2019-04-25 18:16:12,836 WARN 14540 [TCPBase] socket is closed by other side while there were still unhandled data in the socket buffer
2019-04-25 18:16:12,836 WARN 14540 [ClusterClient:Watcher] follower closed, and try to init it again
2019-04-25 18:20:06,195 WARN 14540 [TCPBase] socket is closed by other side while there were still unhandled data in the socket buffer
2019-04-25 18:20:06,195 WARN 14540 [ClusterClient:Watcher] follower closed, and try to init it again
2019-04-25 18:23:55,598 WARN 14540 [TCPBase] socket is closed by other side while there were still unhandled data in the socket buffer
2019-04-25 18:23:55,598 WARN 14540 [ClusterClient:Watcher] follower closed, and try to init it again
2019-04-25 18:28:47,189 WARN 14540 [ClusterClient:Watcher] follower closed, and try to init it again
2019-04-25 18:32:38,188 WARN 14540 [TCPBase] socket is closed by other side while there were still unhandled data in the socket buffer
2019-04-25 18:32:38,188 WARN 14540 [ClusterClient:Watcher] follower closed, and try to init it again
2019-04-25 18:36:29,571 WARN 14540 [ClusterClient:Watcher] follower closed, and try to init it again
2019-04-25 18:40:22,213 WARN 14540 [ClusterClient:Watcher] follower closed, and try to init it again
2019-04-25 18:44:10,610 WARN 14540 [ClusterClient:Watcher] follower closed, and try to init it again
2019-04-25 18:48:00,575 WARN 14540 [ClusterClient:Watcher] follower closed, and try to init it again
2019-04-25 19:19:53,173 WARN 14540 [TCPBase] socket is closed by other side while there were still unhandled data in the socket buffer
2019-04-25 19:19:53,174 WARN 14540 [ClusterClient:Watcher] follower closed, and try to init it again
2019-04-25 19:23:39,023 WARN 14540 [ClusterClient:Watcher] follower closed, and try to init it again
2019-04-25 19:27:28,204 WARN 14540 [TCPBase] socket is closed by other side while there were still unhandled data in the socket buffer
2019-04-25 19:27:28,204 WARN 14540 [ClusterClient:Watcher] follower closed, and try to init it again
2019-04-25 19:31:16,788 WARN 14540 [TCPBase] socket is closed by other side while there were still unhandled data in the socket buffer
2019-04-25 19:31:16,789 WARN 14540 [ClusterClient:Watcher] follower closed, and try to init it again
2019-04-25 19:35:07,914 WARN 14540 [ClusterClient:Watcher] follower closed, and try to init it again
2019-04-25 19:38:58,068 WARN 14540 [ClusterClient:Watcher] follower closed, and try to init it again
2019-04-25 19:42:49,012 WARN 14540 [ClusterClient:Watcher] follower closed, and try to init it again
2019-04-25 19:46:39,186 WARN 14540 [TCPBase] socket is closed by other side while there were still unhandled data in the socket buffer
2019-04-25 19:46:39,186 WARN 14540 [ClusterClient:Watcher] follower closed, and try to init it again
2019-04-25 19:50:30,179 WARN 14540 [TCPBase] socket is closed by other side while there were still unhandled data in the socket buffer
2019-04-25 19:50:30,179 WARN 14540 [ClusterClient:Watcher] follower closed, and try to init it again
2019-04-25 20:20:33,026 INFO 29348 [egg:logger] init all loggers with options: {"dir":"G:\\self-practice\\hen-demo\\logs\\egg-demo","encoding":"utf8","env":"local","level":"INFO","consoleLevel":"INFO","disableConsoleAfterReady":false,"outputJSON":false,"buffer":true,"appLogName":"egg-demo-web.log","coreLogName":"egg-web.log","agentLogName":"egg-agent.log","errorLogName":"common-error.log","coreLogger":{"consoleLevel":"WARN"},"allowDebugAtProd":false,"type":"application"}
2019-04-25 20:20:33,075 INFO 29348 [egg-multipart] stream mode enable
2019-04-25 20:20:33,624 INFO 29348 [egg-static] starting static serve /public/ -> G:\self-practice\hen-demo\app\public
2019-04-25 20:20:33,638 INFO 29348 [egg-security] use csrf middleware
2019-04-25 20:20:33,640 INFO 29348 [egg-security] use methodnoallow middleware
2019-04-25 20:20:33,641 INFO 29348 [egg-security] use noopen middleware
2019-04-25 20:20:33,644 INFO 29348 [egg-security] use nosniff middleware
2019-04-25 20:20:33,646 INFO 29348 [egg-security] use xssProtection middleware
2019-04-25 20:20:33,647 INFO 29348 [egg-security] use xframe middleware
2019-04-25 20:20:33,648 INFO 29348 [egg-security] use dta middleware
2019-04-25 20:20:33,648 INFO 29348 [egg-security] compose 7 middlewares into one security middleware
2019-04-25 20:20:33,665 INFO 29348 [egg:core] dump config after load, 7ms
2019-04-25 20:20:33,683 INFO 29348 [egg-watcher:application] watcher start success
2019-04-25 20:20:33,690 INFO 29348 [egg:core] dump config after ready, 5ms
2019-04-25 20:25:56,400 INFO 29348 [egg-view-nunjucks] loading templates from ["G:\\self-practice\\hen-demo\\app\\view"]
2019-04-25 20:27:06,727 INFO 32984 [egg:logger] init all loggers with options: {"dir":"G:\\self-practice\\hen-demo\\logs\\egg-demo","encoding":"utf8","env":"local","level":"INFO","consoleLevel":"INFO","disableConsoleAfterReady":false,"outputJSON":false,"buffer":true,"appLogName":"egg-demo-web.log","coreLogName":"egg-web.log","agentLogName":"egg-agent.log","errorLogName":"common-error.log","coreLogger":{"consoleLevel":"WARN"},"allowDebugAtProd":false,"type":"application"}
2019-04-25 20:27:06,777 INFO 32984 [egg-multipart] stream mode enable
2019-04-25 20:27:06,919 INFO 32984 [egg-static] starting static serve /public/ -> G:\self-practice\hen-demo\app\public
2019-04-25 20:27:06,923 INFO 32984 [egg-security] use csrf middleware
2019-04-25 20:27:06,925 INFO 32984 [egg-security] use methodnoallow middleware
2019-04-25 20:27:06,926 INFO 32984 [egg-security] use noopen middleware
2019-04-25 20:27:06,928 INFO 32984 [egg-security] use nosniff middleware
2019-04-25 20:27:06,929 INFO 32984 [egg-security] use xssProtection middleware
2019-04-25 20:27:06,930 INFO 32984 [egg-security] use xframe middleware
2019-04-25 20:27:06,931 INFO 32984 [egg-security] use dta middleware
2019-04-25 20:27:06,931 INFO 32984 [egg-security] compose 7 middlewares into one security middleware
2019-04-25 20:27:06,949 INFO 32984 [egg:core] dump config after load, 7ms
2019-04-25 20:27:06,963 INFO 32984 [egg-watcher:application] watcher start success
2019-04-25 20:27:06,972 INFO 32984 [egg:core] dump config after ready, 6ms
2019-04-25 20:28:29,953 INFO 12716 [egg:logger] init all loggers with options: {"dir":"G:\\self-practice\\hen-demo\\logs\\egg-demo","encoding":"utf8","env":"local","level":"INFO","consoleLevel":"INFO","disableConsoleAfterReady":false,"outputJSON":false,"buffer":true,"appLogName":"egg-demo-web.log","coreLogName":"egg-web.log","agentLogName":"egg-agent.log","errorLogName":"common-error.log","coreLogger":{"consoleLevel":"WARN"},"allowDebugAtProd":false,"type":"application"}
2019-04-25 20:28:30,006 INFO 12716 [egg-multipart] stream mode enable
2019-04-25 20:28:30,136 INFO 12716 [egg-static] starting static serve /public/ -> G:\self-practice\hen-demo\app\public
2019-04-25 20:28:30,141 INFO 12716 [egg-security] use csrf middleware
2019-04-25 20:28:30,143 INFO 12716 [egg-security] use methodnoallow middleware
2019-04-25 20:28:30,145 INFO 12716 [egg-security] use noopen middleware
2019-04-25 20:28:30,147 INFO 12716 [egg-security] use nosniff middleware
2019-04-25 20:28:30,148 INFO 12716 [egg-security] use xssProtection middleware
2019-04-25 20:28:30,149 INFO 12716 [egg-security] use xframe middleware
2019-04-25 20:28:30,150 INFO 12716 [egg-security] use dta middleware
2019-04-25 20:28:30,150 INFO 12716 [egg-security] compose 7 middlewares into one security middleware
2019-04-25 20:28:30,167 INFO 12716 [egg:core] dump config after load, 7ms
2019-04-25 20:28:30,181 INFO 12716 [egg-watcher:application] watcher start success
2019-04-25 20:28:30,193 INFO 12716 [egg:core] dump config after ready, 8ms
2019-04-25 20:29:38,814 INFO 39848 [egg:logger] init all loggers with options: {"dir":"G:\\self-practice\\hen-demo\\logs\\egg-demo","encoding":"utf8","env":"local","level":"INFO","consoleLevel":"INFO","disableConsoleAfterReady":false,"outputJSON":false,"buffer":true,"appLogName":"egg-demo-web.log","coreLogName":"egg-web.log","agentLogName":"egg-agent.log","errorLogName":"common-error.log","coreLogger":{"consoleLevel":"WARN"},"allowDebugAtProd":false,"type":"application"}
2019-04-25 20:29:38,866 INFO 39848 [egg-multipart] stream mode enable
2019-04-25 20:29:39,000 INFO 39848 [egg-static] starting static serve /public/ -> G:\self-practice\hen-demo\app\public
2019-04-25 20:29:39,005 INFO 39848 [egg-security] use csrf middleware
2019-04-25 20:29:39,007 INFO 39848 [egg-security] use methodnoallow middleware
2019-04-25 20:29:39,009 INFO 39848 [egg-security] use noopen middleware
2019-04-25 20:29:39,012 INFO 39848 [egg-security] use nosniff middleware
2019-04-25 20:29:39,012 INFO 39848 [egg-security] use xssProtection middleware
2019-04-25 20:29:39,014 INFO 39848 [egg-security] use xframe middleware
2019-04-25 20:29:39,014 INFO 39848 [egg-security] use dta middleware
2019-04-25 20:29:39,015 INFO 39848 [egg-security] compose 7 middlewares into one security middleware
2019-04-25 20:29:39,031 INFO 39848 [egg:core] dump config after load, 6ms
2019-04-25 20:29:39,048 INFO 39848 [egg-watcher:application] watcher start success
2019-04-25 20:29:39,055 INFO 39848 [egg:core] dump config after ready, 5ms
2019-04-25 20:30:05,469 INFO 34460 [egg:logger] init all loggers with options: {"dir":"G:\\self-practice\\hen-demo\\logs\\egg-demo","encoding":"utf8","env":"local","level":"INFO","consoleLevel":"INFO","disableConsoleAfterReady":false,"outputJSON":false,"buffer":true,"appLogName":"egg-demo-web.log","coreLogName":"egg-web.log","agentLogName":"egg-agent.log","errorLogName":"common-error.log","coreLogger":{"consoleLevel":"WARN"},"allowDebugAtProd":false,"type":"application"}
2019-04-25 20:30:05,523 INFO 34460 [egg-multipart] stream mode enable
2019-04-25 20:30:05,657 INFO 34460 [egg-static] starting static serve /public/ -> G:\self-practice\hen-demo\app\public
2019-04-25 20:30:05,661 INFO 34460 [egg-security] use csrf middleware
2019-04-25 20:30:05,662 INFO 34460 [egg-security] use methodnoallow middleware
2019-04-25 20:30:05,663 INFO 34460 [egg-security] use noopen middleware
2019-04-25 20:30:05,665 INFO 34460 [egg-security] use nosniff middleware
2019-04-25 20:30:05,665 INFO 34460 [egg-security] use xssProtection middleware
2019-04-25 20:30:05,667 INFO 34460 [egg-security] use xframe middleware
2019-04-25 20:30:05,669 INFO 34460 [egg-security] use dta middleware
2019-04-25 20:30:05,669 INFO 34460 [egg-security] compose 7 middlewares into one security middleware
2019-04-25 20:30:05,690 INFO 34460 [egg:core] dump config after load, 10ms
2019-04-25 20:30:05,707 INFO 34460 [egg-watcher:application] watcher start success
2019-04-25 20:30:05,724 INFO 34460 [egg:core] dump config after ready, 14ms
2019-04-25 20:31:23,199 INFO 29152 [egg:logger] init all loggers with options: {"dir":"G:\\self-practice\\hen-demo\\logs\\egg-demo","encoding":"utf8","env":"local","level":"INFO","consoleLevel":"INFO","disableConsoleAfterReady":false,"outputJSON":false,"buffer":true,"appLogName":"egg-demo-web.log","coreLogName":"egg-web.log","agentLogName":"egg-agent.log","errorLogName":"common-error.log","coreLogger":{"consoleLevel":"WARN"},"allowDebugAtProd":false,"type":"application"}
2019-04-25 20:31:23,250 INFO 29152 [egg-multipart] stream mode enable
2019-04-25 20:31:23,382 INFO 29152 [egg-static] starting static serve /public/ -> G:\self-practice\hen-demo\app\public
2019-04-25 20:31:23,388 INFO 29152 [egg-security] use csrf middleware
2019-04-25 20:31:23,390 INFO 29152 [egg-security] use methodnoallow middleware
2019-04-25 20:31:23,391 INFO 29152 [egg-security] use noopen middleware
2019-04-25 20:31:23,393 INFO 29152 [egg-security] use nosniff middleware
2019-04-25 20:31:23,395 INFO 29152 [egg-security] use xssProtection middleware
2019-04-25 20:31:23,395 INFO 29152 [egg-security] use xframe middleware
2019-04-25 20:31:23,396 INFO 29152 [egg-security] use dta middleware
2019-04-25 20:31:23,396 INFO 29152 [egg-security] compose 7 middlewares into one security middleware
2019-04-25 20:31:23,415 INFO 29152 [egg:core] dump config after load, 7ms
2019-04-25 20:31:23,427 INFO 29152 [egg-watcher:application] watcher start success
2019-04-25 20:31:23,437 INFO 29152 [egg:core] dump config after ready, 6ms
2019-04-25 20:32:05,224 INFO 26344 [egg:logger] init all loggers with options: {"dir":"G:\\self-practice\\hen-demo\\logs\\egg-demo","encoding":"utf8","env":"local","level":"INFO","consoleLevel":"INFO","disableConsoleAfterReady":false,"outputJSON":false,"buffer":true,"appLogName":"egg-demo-web.log","coreLogName":"egg-web.log","agentLogName":"egg-agent.log","errorLogName":"common-error.log","coreLogger":{"consoleLevel":"WARN"},"allowDebugAtProd":false,"type":"application"}
2019-04-25 20:32:05,273 INFO 26344 [egg-multipart] stream mode enable
2019-04-25 20:32:05,396 INFO 26344 [egg-static] starting static serve /public/ -> G:\self-practice\hen-demo\app\public
2019-04-25 20:32:05,400 INFO 26344 [egg-security] use csrf middleware
2019-04-25 20:32:05,402 INFO 26344 [egg-security] use methodnoallow middleware
2019-04-25 20:32:05,402 INFO 26344 [egg-security] use noopen middleware
2019-04-25 20:32:05,404 INFO 26344 [egg-security] use nosniff middleware
2019-04-25 20:32:05,406 INFO 26344 [egg-security] use xssProtection middleware
2019-04-25 20:32:05,407 INFO 26344 [egg-security] use xframe middleware
2019-04-25 20:32:05,408 INFO 26344 [egg-security] use dta middleware
2019-04-25 20:32:05,408 INFO 26344 [egg-security] compose 7 middlewares into one security middleware
2019-04-25 20:32:05,426 INFO 26344 [egg:core] dump config after load, 7ms
2019-04-25 20:32:05,441 INFO 26344 [egg-watcher:application] watcher start success
2019-04-25 20:32:05,449 INFO 26344 [egg:core] dump config after ready, 6ms
2019-04-25 20:34:13,645 INFO 31444 [egg:logger] init all loggers with options: {"dir":"G:\\self-practice\\hen-demo\\logs\\egg-demo","encoding":"utf8","env":"local","level":"INFO","consoleLevel":"INFO","disableConsoleAfterReady":false,"outputJSON":false,"buffer":true,"appLogName":"egg-demo-web.log","coreLogName":"egg-web.log","agentLogName":"egg-agent.log","errorLogName":"common-error.log","coreLogger":{"consoleLevel":"WARN"},"allowDebugAtProd":false,"type":"application"}
2019-04-25 20:34:13,699 INFO 31444 [egg-multipart] stream mode enable
2019-04-25 20:34:13,868 INFO 31444 [egg-static] starting static serve /public/ -> G:\self-practice\hen-demo\app\public
2019-04-25 20:34:13,872 INFO 31444 [egg-security] use methodnoallow middleware
2019-04-25 20:34:13,873 INFO 31444 [egg-security] use noopen middleware
2019-04-25 20:34:13,875 INFO 31444 [egg-security] use nosniff middleware
2019-04-25 20:34:13,876 INFO 31444 [egg-security] use xssProtection middleware
2019-04-25 20:34:13,877 INFO 31444 [egg-security] use xframe middleware
2019-04-25 20:34:13,878 INFO 31444 [egg-security] use dta middleware
2019-04-25 20:34:13,878 INFO 31444 [egg-security] compose 6 middlewares into one security middleware
2019-04-25 20:34:13,896 INFO 31444 [egg:core] dump config after load, 7ms
2019-04-25 20:34:13,908 INFO 31444 [egg-watcher:application] watcher start success
2019-04-25 20:34:13,915 INFO 31444 [egg:core] dump config after ready, 5ms
2019-04-25 20:34:56,208 INFO 35268 [egg:logger] init all loggers with options: {"dir":"G:\\self-practice\\hen-demo\\logs\\egg-demo","encoding":"utf8","env":"local","level":"INFO","consoleLevel":"INFO","disableConsoleAfterReady":false,"outputJSON":false,"buffer":true,"appLogName":"egg-demo-web.log","coreLogName":"egg-web.log","agentLogName":"egg-agent.log","errorLogName":"common-error.log","coreLogger":{"consoleLevel":"WARN"},"allowDebugAtProd":false,"type":"application"}
2019-04-25 20:34:56,266 INFO 35268 [egg-multipart] stream mode enable
2019-04-25 20:34:56,431 INFO 35268 [egg-static] starting static serve /public/ -> G:\self-practice\hen-demo\app\public
2019-04-25 20:34:56,435 INFO 35268 [egg-security] use methodnoallow middleware
2019-04-25 20:34:56,436 INFO 35268 [egg-security] use noopen middleware
2019-04-25 20:34:56,438 INFO 35268 [egg-security] use nosniff middleware
2019-04-25 20:34:56,441 INFO 35268 [egg-security] use xssProtection middleware
2019-04-25 20:34:56,442 INFO 35268 [egg-security] use xframe middleware
2019-04-25 20:34:56,444 INFO 35268 [egg-security] use dta middleware
2019-04-25 20:34:56,444 INFO 35268 [egg-security] compose 6 middlewares into one security middleware
2019-04-25 20:34:56,462 INFO 35268 [egg:core] dump config after load, 8ms
2019-04-25 20:34:56,475 INFO 35268 [egg-watcher:application] watcher start success
2019-04-25 20:34:56,484 INFO 35268 [egg:core] dump config after ready, 7ms
2019-04-25 20:34:58,800 INFO 5236 [egg:logger] init all loggers with options: {"dir":"G:\\self-practice\\hen-demo\\logs\\egg-demo","encoding":"utf8","env":"local","level":"INFO","consoleLevel":"INFO","disableConsoleAfterReady":false,"outputJSON":false,"buffer":true,"appLogName":"egg-demo-web.log","coreLogName":"egg-web.log","agentLogName":"egg-agent.log","errorLogName":"common-error.log","coreLogger":{"consoleLevel":"WARN"},"allowDebugAtProd":false,"type":"application"}
2019-04-25 20:34:58,856 INFO 5236 [egg-multipart] stream mode enable
2019-04-25 20:34:59,013 INFO 5236 [egg-static] starting static serve /public/ -> G:\self-practice\hen-demo\app\public
2019-04-25 20:34:59,018 INFO 5236 [egg-security] use methodnoallow middleware
2019-04-25 20:34:59,019 INFO 5236 [egg-security] use noopen middleware
2019-04-25 20:34:59,021 INFO 5236 [egg-security] use nosniff middleware
2019-04-25 20:34:59,022 INFO 5236 [egg-security] use xssProtection middleware
2019-04-25 20:34:59,024 INFO 5236 [egg-security] use xframe middleware
2019-04-25 20:34:59,026 INFO 5236 [egg-security] use dta middleware
2019-04-25 20:34:59,026 INFO 5236 [egg-security] compose 6 middlewares into one security middleware
2019-04-25 20:34:59,045 INFO 5236 [egg:core] dump config after load, 7ms
2019-04-25 20:34:59,059 INFO 5236 [egg-watcher:application] watcher start success
2019-04-25 20:34:59,069 INFO 5236 [egg:core] dump config after ready, 7ms
2019-04-25 20:35:25,418 INFO 24220 [egg:logger] init all loggers with options: {"dir":"G:\\self-practice\\hen-demo\\logs\\egg-demo","encoding":"utf8","env":"local","level":"INFO","consoleLevel":"INFO","disableConsoleAfterReady":false,"outputJSON":false,"buffer":true,"appLogName":"egg-demo-web.log","coreLogName":"egg-web.log","agentLogName":"egg-agent.log","errorLogName":"common-error.log","coreLogger":{"consoleLevel":"WARN"},"allowDebugAtProd":false,"type":"application"}
2019-04-25 20:35:25,472 INFO 24220 [egg-multipart] stream mode enable
2019-04-25 20:35:25,603 INFO 24220 [egg-static] starting static serve /public/ -> G:\self-practice\hen-demo\app\public
2019-04-25 20:35:25,607 INFO 24220 [egg-security] use methodnoallow middleware
2019-04-25 20:35:25,608 INFO 24220 [egg-security] use noopen middleware
2019-04-25 20:35:25,610 INFO 24220 [egg-security] use nosniff middleware
2019-04-25 20:35:25,611 INFO 24220 [egg-security] use xssProtection middleware
2019-04-25 20:35:25,612 INFO 24220 [egg-security] use xframe middleware
2019-04-25 20:35:25,613 INFO 24220 [egg-security] use dta middleware
2019-04-25 20:35:25,613 INFO 24220 [egg-security] compose 6 middlewares into one security middleware
2019-04-25 20:35:25,631 INFO 24220 [egg:core] dump config after load, 6ms
2019-04-25 20:35:25,644 INFO 24220 [egg-watcher:application] watcher start success
2019-04-25 20:35:25,653 INFO 24220 [egg:core] dump config after ready, 6ms
2019-04-25 20:35:41,265 INFO 31264 [egg:logger] init all loggers with options: {"dir":"G:\\self-practice\\hen-demo\\logs\\egg-demo","encoding":"utf8","env":"local","level":"INFO","consoleLevel":"INFO","disableConsoleAfterReady":false,"outputJSON":false,"buffer":true,"appLogName":"egg-demo-web.log","coreLogName":"egg-web.log","agentLogName":"egg-agent.log","errorLogName":"common-error.log","coreLogger":{"consoleLevel":"WARN"},"allowDebugAtProd":false,"type":"application"}
2019-04-25 20:35:41,316 INFO 31264 [egg-multipart] stream mode enable
2019-04-25 20:35:41,450 INFO 31264 [egg-static] starting static serve /public/ -> G:\self-practice\hen-demo\app\public
2019-04-25 20:35:41,455 INFO 31264 [egg-security] use methodnoallow middleware
2019-04-25 20:35:41,457 INFO 31264 [egg-security] use noopen middleware
2019-04-25 20:35:41,460 INFO 31264 [egg-security] use nosniff middleware
2019-04-25 20:35:41,460 INFO 31264 [egg-security] use xssProtection middleware
2019-04-25 20:35:41,462 INFO 31264 [egg-security] use xframe middleware
2019-04-25 20:35:41,462 INFO 31264 [egg-security] use dta middleware
2019-04-25 20:35:41,462 INFO 31264 [egg-security] compose 6 middlewares into one security middleware
2019-04-25 20:35:41,479 INFO 31264 [egg:core] dump config after load, 6ms
2019-04-25 20:35:41,496 INFO 31264 [egg-watcher:application] watcher start success
2019-04-25 20:35:41,505 INFO 31264 [egg:core] dump config after ready, 7ms
2019-04-25 20:39:19,734 INFO 28488 [egg:logger] init all loggers with options: {"dir":"G:\\self-practice\\hen-demo\\logs\\egg-demo","encoding":"utf8","env":"local","level":"INFO","consoleLevel":"INFO","disableConsoleAfterReady":false,"outputJSON":false,"buffer":true,"appLogName":"egg-demo-web.log","coreLogName":"egg-web.log","agentLogName":"egg-agent.log","errorLogName":"common-error.log","coreLogger":{"consoleLevel":"WARN"},"allowDebugAtProd":false,"type":"application"}
2019-04-25 20:39:19,796 INFO 28488 [egg-multipart] stream mode enable
2019-04-25 20:39:19,937 INFO 28488 [egg-static] starting static serve /public/ -> G:\self-practice\hen-demo\app\public
2019-04-25 20:39:19,942 INFO 28488 [egg-security] use methodnoallow middleware
2019-04-25 20:39:19,944 INFO 28488 [egg-security] use noopen middleware
2019-04-25 20:39:19,946 INFO 28488 [egg-security] use nosniff middleware
2019-04-25 20:39:19,947 INFO 28488 [egg-security] use xssProtection middleware
2019-04-25 20:39:19,947 INFO 28488 [egg-security] use xframe middleware
2019-04-25 20:39:19,949 INFO 28488 [egg-security] use dta middleware
2019-04-25 20:39:19,949 INFO 28488 [egg-security] compose 6 middlewares into one security middleware
2019-04-25 20:39:19,967 INFO 28488 [egg:core] dump config after load, 6ms
2019-04-25 20:39:19,979 INFO 28488 [egg-watcher:application] watcher start success
2019-04-25 20:39:19,987 INFO 28488 [egg:core] dump config after ready, 6ms
2019-04-25 20:39:26,183 INFO 33560 [egg:logger] init all loggers with options: {"dir":"G:\\self-practice\\hen-demo\\logs\\egg-demo","encoding":"utf8","env":"local","level":"INFO","consoleLevel":"INFO","disableConsoleAfterReady":false,"outputJSON":false,"buffer":true,"appLogName":"egg-demo-web.log","coreLogName":"egg-web.log","agentLogName":"egg-agent.log","errorLogName":"common-error.log","coreLogger":{"consoleLevel":"WARN"},"allowDebugAtProd":false,"type":"application"}
2019-04-25 20:39:26,234 INFO 33560 [egg-multipart] stream mode enable
2019-04-25 20:39:26,369 INFO 33560 [egg-static] starting static serve /public/ -> G:\self-practice\hen-demo\app\public
2019-04-25 20:39:26,374 INFO 33560 [egg-security] use methodnoallow middleware
2019-04-25 20:39:26,375 INFO 33560 [egg-security] use noopen middleware
2019-04-25 20:39:26,377 INFO 33560 [egg-security] use nosniff middleware
2019-04-25 20:39:26,377 INFO 33560 [egg-security] use xssProtection middleware
2019-04-25 20:39:26,379 INFO 33560 [egg-security] use xframe middleware
2019-04-25 20:39:26,380 INFO 33560 [egg-security] use dta middleware
2019-04-25 20:39:26,380 INFO 33560 [egg-security] compose 6 middlewares into one security middleware
2019-04-25 20:39:26,398 INFO 33560 [egg:core] dump config after load, 7ms
2019-04-25 20:39:26,411 INFO 33560 [egg-watcher:application] watcher start success
2019-04-25 20:39:26,420 INFO 33560 [egg:core] dump config after ready, 7ms
